This is XeTeX, Version 3.141592653-2.6-0.999995 (TeX Live 2023) (preloaded format=xelatex 2023.5.28)  8 DEC 2023 13:57
entering extended mode
 restricted \write18 enabled.
 %&-line parsing enabled.
**main.tex
(/usr/local/texlive/2023/texmf-dist/tex/latex/tools/q.tex
LaTeX2e <2022-11-01> patch level 1
L3 programming layer <2023-05-22> File ignored
)
! Emergency stop.
<*> main.tex
            
*** (job aborted, no legal \end found)

 
Here is how much of TeX's memory you used:
 17 strings out of 476701
 428 string characters out of 5804296
 1844416 words of memory out of 5000000
 20345 multiletter control sequences out of 15000+600000
 512287 words of font info for 32 fonts, out of 8000000 for 9000
 1348 hyphenation exceptions out of 8191
 12i,0n,12p,88b,10s stack positions out of 10000i,1000n,20000p,200000b,200000s
No pages of output.
